<?xml version="1.0" encoding="UTF-8"?>
<testng-results ignored="0" total="1" passed="1" failed="0" skipped="0">
  <reporter-output>
  </reporter-output>
  <suite started-at="2023-06-18T22:20:30 CEST" name="Default suite" finished-at="2023-06-18T22:20:48 CEST" duration-ms="18355">
    <groups>
    </groups>
    <test started-at="2023-06-18T22:20:30 CEST" name="Default test" finished-at="2023-06-18T22:20:48 CEST" duration-ms="18355">
      <class name="Automation.Appium.DragAndDrop">
        <test-method is-config="true" signature="AppiumConfiguration()[pri:0, instance:Automation.Appium.DragAndDrop@485966cc]" started-at="2023-06-18T22:20:30 CEST" name="AppiumConfiguration" finished-at="2023-06-18T22:20:38 CEST" duration-ms="8089" status="PASS">
          <reporter-output>
          </reporter-output>
        </test-method> <!-- AppiumConfiguration -->
        <test-method signature="DragDrop()[pri:0, instance:Automation.Appium.DragAndDrop@485966cc]" started-at="2023-06-18T22:20:38 CEST" name="DragDrop" finished-at="2023-06-18T22:20:48 CEST" duration-ms="9816" status="PASS">
          <reporter-output>
          </reporter-output>
        </test-method> <!-- DragDrop -->
        <test-method is-config="true" signature="teardown()[pri:0, instance:Automation.Appium.DragAndDrop@485966cc]" started-at="2023-06-18T22:20:48 CEST" name="teardown" finished-at="2023-06-18T22:20:48 CEST" duration-ms="422" status="PASS">
          <reporter-output>
          </reporter-output>
        </test-method> <!-- teardown -->
      </class> <!-- Automation.Appium.DragAndDrop -->
    </test> <!-- Default test -->
  </suite> <!-- Default suite -->
</testng-results>
